<?xml version="1.0" encoding="UTF-8"?>
<testsuite name="com.reikan.calculator.CalculatorApplicationTests" tests="1" skipped="0" failures="0" errors="0" timestamp="2023-02-12T22:31:03" hostname="MBPdeVienJunior" time="0.342">
  <properties/>
  <testcase name="contextLoads()" classname="com.reikan.calculator.CalculatorApplicationTests" time="0.342"/>
  <system-out><![CDATA[23:31:00.097 [Test worker] DEBUG org.springframework.test.context.BootstrapUtils - Instantiating CacheAwareContextLoaderDelegate from class [org.springframework.test.context.cache.DefaultCacheAwareContextLoaderDelegate]
23:31:00.119 [Test worker] DEBUG org.springframework.test.context.BootstrapUtils - Instantiating BootstrapContext using constructor [public org.springframework.test.context.support.DefaultBootstrapContext(java.lang.Class,org.springframework.test.context.CacheAwareContextLoaderDelegate)]
23:31:00.191 [Test worker] DEBUG org.springframework.test.context.BootstrapUtils - Instantiating TestContextBootstrapper for test class [com.reikan.calculator.CalculatorApplicationTests] from class [org.springframework.boot.test.context.SpringBootTestContextBootstrapper]
23:31:00.212 [Test worker] INFO org.springframework.boot.test.context.SpringBootTestContextBootstrapper - Neither @ContextConfiguration nor @ContextHierarchy found for test class [com.reikan.calculator.CalculatorApplicationTests], using SpringBootContextLoader
23:31:00.221 [Test worker] DEBUG org.springframework.test.context.support.AbstractContextLoader - Did not detect default resource location for test class [com.reikan.calculator.CalculatorApplicationTests]: class path resource [com/reikan/calculator/CalculatorApplicationTests-context.xml] does not exist
23:31:00.221 [Test worker] DEBUG org.springframework.test.context.support.AbstractContextLoader - Did not detect default resource location for test class [com.reikan.calculator.CalculatorApplicationTests]: class path resource [com/reikan/calculator/CalculatorApplicationTestsContext.groovy] does not exist
23:31:00.221 [Test worker] INFO org.springframework.test.context.support.AbstractContextLoader - Could not detect default resource locations for test class [com.reikan.calculator.CalculatorApplicationTests]: no resource found for suffixes {-context.xml, Context.groovy}.
23:31:00.222 [Test worker] INFO org.springframework.test.context.support.AnnotationConfigContextLoaderUtils - Could not detect default configuration classes for test class [com.reikan.calculator.CalculatorApplicationTests]: CalculatorApplicationTests does not declare any static, non-private, non-final, nested classes annotated with @Configuration.
23:31:00.321 [Test worker] DEBUG org.springframework.test.context.support.ActiveProfilesUtils - Could not find an 'annotation declaring class' for annotation type [org.springframework.test.context.ActiveProfiles] and class [com.reikan.calculator.CalculatorApplicationTests]
23:31:00.453 [Test worker] DEBUG org.springframework.context.annotation.ClassPathScanningCandidateComponentProvider - Identified candidate component class: file [/Users/reikan/Projects/calculator/build/classes/java/main/com/reikan/calculator/CalculatorApplication.class]
23:31:00.465 [Test worker] INFO org.springframework.boot.test.context.SpringBootTestContextBootstrapper - Found @SpringBootConfiguration com.reikan.calculator.CalculatorApplication for test class com.reikan.calculator.CalculatorApplicationTests
23:31:00.682 [Test worker] DEBUG org.springframework.boot.test.context.SpringBootTestContextBootstrapper - @TestExecutionListeners is not present for class [com.reikan.calculator.CalculatorApplicationTests]: using defaults.
23:31:00.683 [Test worker] INFO org.springframework.boot.test.context.SpringBootTestContextBootstrapper - Loaded default TestExecutionListener class names from location [META-INF/spring.factories]: [org.springframework.boot.test.autoconfigure.restdocs.RestDocsTestExecutionListener, org.springframework.boot.test.autoconfigure.web.client.MockRestServiceServerResetTestExecutionListener, org.springframework.boot.test.autoconfigure.web.servlet.MockMvcPrintOnlyOnFailureTestExecutionListener, org.springframework.boot.test.autoconfigure.web.servlet.WebDriverTestExecutionListener, org.springframework.boot.test.autoconfigure.webservices.client.MockWebServiceServerTestExecutionListener, org.springframework.boot.test.mock.mockito.MockitoTestExecutionListener, org.springframework.boot.test.mock.mockito.ResetMocksTestExecutionListener, org.springframework.test.context.web.ServletTestExecutionListener, org.springframework.test.context.support.DirtiesContextBeforeModesTestExecutionListener, org.springframework.test.context.event.ApplicationEventsTestExecutionListener, org.springframework.test.context.support.DependencyInjectionTestExecutionListener, org.springframework.test.context.support.DirtiesContextTestExecutionListener, org.springframework.test.context.transaction.TransactionalTestExecutionListener, org.springframework.test.context.jdbc.SqlScriptsTestExecutionListener, org.springframework.test.context.event.EventPublishingTestExecutionListener]
23:31:00.703 [Test worker] DEBUG org.springframework.boot.test.context.SpringBootTestContextBootstrapper - Skipping candidate TestExecutionListener [org.springframework.test.context.transaction.TransactionalTestExecutionListener] due to a missing dependency. Specify custom listener classes or make the default listener classes and their required dependencies available. Offending class: [org/springframework/transaction/TransactionDefinition]
23:31:00.703 [Test worker] DEBUG org.springframework.boot.test.context.SpringBootTestContextBootstrapper - Skipping candidate TestExecutionListener [org.springframework.test.context.jdbc.SqlScriptsTestExecutionListener] due to a missing dependency. Specify custom listener classes or make the default listener classes and their required dependencies available. Offending class: [org/springframework/transaction/interceptor/TransactionAttribute]
23:31:00.704 [Test worker] INFO org.springframework.boot.test.context.SpringBootTestContextBootstrapper - Using TestExecutionListeners: [org.springframework.test.context.web.ServletTestExecutionListener@6604f246, org.springframework.test.context.support.DirtiesContextBeforeModesTestExecutionListener@c1386b4, org.springframework.test.context.event.ApplicationEventsTestExecutionListener@53d9af1, org.springframework.boot.test.mock.mockito.MockitoTestExecutionListener@c89e263, org.springframework.boot.test.autoconfigure.SpringBootDependencyInjectionTestExecutionListener@4d5ea776, org.springframework.test.context.support.DirtiesContextTestExecutionListener@5d68be4f, org.springframework.test.context.event.EventPublishingTestExecutionListener@34eb5d01, org.springframework.boot.test.autoconfigure.restdocs.RestDocsTestExecutionListener@77b22b05, org.springframework.boot.test.autoconfigure.web.client.MockRestServiceServerResetTestExecutionListener@4fef5792, org.springframework.boot.test.autoconfigure.web.servlet.MockMvcPrintOnlyOnFailureTestExecutionListener@57ed02e6, org.springframework.boot.test.autoconfigure.web.servlet.WebDriverTestExecutionListener@39004e4f, org.springframework.boot.test.autoconfigure.webservices.client.MockWebServiceServerTestExecutionListener@5f0ca069, org.springframework.boot.test.mock.mockito.ResetMocksTestExecutionListener@6a6a2fdd]
23:31:00.710 [Test worker] DEBUG org.springframework.test.context.support.AbstractDirtiesContextTestExecutionListener - Before test class: context [DefaultTestContext@71687d8f testClass = CalculatorApplicationTests, testInstance = [null], testMethod = [null], testException = [null], mergedContextConfiguration = [WebMergedContextConfiguration@443253a6 testClass = CalculatorApplicationTests, locations = '{}', classes = '{class com.reikan.calculator.CalculatorApplication}', contextInitializerClasses = '[]', activeProfiles = '{}', propertySourceLocations = '{}', propertySourceProperties = '{org.springframework.boot.test.context.SpringBootTestContextBootstrapper=true}', contextCustomizers = set[org.springframework.boot.test.autoconfigure.actuate.metrics.MetricsExportContextCustomizerFactory$DisableMetricExportContextCustomizer@447fa959, org.springframework.boot.test.autoconfigure.properties.PropertyMappingContextCustomizer@0, org.springframework.boot.test.autoconfigure.web.servlet.WebDriverContextCustomizerFactory$Customizer@7d30007d, org.springframework.boot.test.context.filter.ExcludeFilterContextCustomizer@38ac8968, org.springframework.boot.test.json.DuplicateJsonObjectContextCustomizerFactory$DuplicateJsonObjectContextCustomizer@1788cb61, org.springframework.boot.test.mock.mockito.MockitoContextCustomizer@0, org.springframework.boot.test.web.client.TestRestTemplateContextCustomizer@6889f56f, org.springframework.boot.test.context.SpringBootTestArgs@1, org.springframework.boot.test.context.SpringBootTestWebEnvironment@23e44287], resourceBasePath = 'src/main/webapp', contextLoader = 'org.springframework.boot.test.context.SpringBootContextLoader', parent = [null]], attributes = map['org.springframework.test.context.web.ServletTestExecutionListener.activateListener' -> true]], class annotated with @DirtiesContext [false] with mode [null].

  .   ____          _            __ _ _
 /\\ / ___'_ __ _ _(_)_ __  __ _ \ \ \ \
( ( )\___ | '_ | '_| | '_ \/ _` | \ \ \ \
 \\/  ___)| |_)| | | | | || (_| |  ) ) ) )
  '  |____| .__|_| |_|_| |_\__, | / / / /
 =========|_|==============|___/=/_/_/_/
 :: Spring Boot ::                (v2.7.8)

2023-02-12 23:31:01.239  INFO 26494 --- [    Test worker] c.r.c.CalculatorApplicationTests         : Starting CalculatorApplicationTests using Java 1.8.0_281 on MBPdeVienJunior with PID 26494 (started by reikan in /Users/reikan/Projects/calculator)
2023-02-12 23:31:01.241  INFO 26494 --- [    Test worker] c.r.c.CalculatorApplicationTests         : No active profile set, falling back to 1 default profile: "default"
2023-02-12 23:31:03.148  INFO 26494 --- [    Test worker] c.r.c.CalculatorApplicationTests         : Started CalculatorApplicationTests in 2.373 seconds (JVM running for 4.597)
]]></system-out>
  <system-err><![CDATA[]]></system-err>
</testsuite>
